/blog/2008/february/how-microsoft-check-mated-facebook/
/blog/2007/november/rsi-tip-swap-control-and-capslock-keys/
/blog/2007/november/vakow-diwali-special/
/blog/2007/july/vim-python-code-folding-and-my-vimrc/
/blog/2007/july/django-master-class/
/blog/2007/july/jquery-plugin-masked-input/
/blog/2007/june/online-http-page-load-analyzer/
/blog/2007/june/m4-getting-started/
/blog/2007/june/firefox-tip-open-new-tabs-background/
/blog/2007/june/django-image-bundle/
/blog/2006/july/nicholsons-categories-solution.html
/blog/2006/may/ps-grep-gem.html
/blog/2006/may/svn-report-request-failed.html
/blog/2006/april/scapy-programmable-networking.html
/blog/2006/april/nandinis-advice-on-writing.html
/blog/2006/january/introducing-labelr.html
/blog/2006/january/django-tips.html
/blog/2005/december/overlib-vs-css-popups.html
/blog/2005/october/for-uber-paranoids.html
/blog/2005/october/luckiest-man-on-earth.html
/blog/2005/october/yammy.html
/blog/2005/august/windows-junction-symlink-for-windows.html
/blog/2005/july/filemon-for-windows.html
/blog/2005/april/password-generator.html
/blog/2005/april/expandable-posts-hack-for-blogger-now.html
/blog/2005/april/firefox-tip-single-window.html
/blog/2005/april/smileyfy-is-here.html
/blog/2005/april/furl-to-delicious.html
/blog/2005/march/nvu-html-editor.html
/blog/2005/march/image-resizer.html
/blog/2005/march/software-recommendation-keynote.html
/blog/2005/february/google-movies.html
/blog/2005/february/iframe.html
/blog/2005/february/css-important-and-gmail-skins.html
/blog/2005/january/more-fun-with-css-popups.html
/blog/2005/january/gmail-tips.html
/blog/2005/january/blogging-in-hindi-howto.html
/blog/2004/december/screen-howto.html
/blog/2004/december/firefox-extensions-i-cant-live-without.html
/blog/2004/november/whos-your-super-hero.html
/blog/2004/november/emacs-mode-for-gdb.html
/blog/2004/november/bloglines.html
/blog/2004/october/i-did-it.html
